[ 2015-08-19T20:18:16+08:00 ] 127.0.0.1 /
INFO: [ app_init ] --START--
INFO: Run Behavior\BuildLiteBehavior [ RunTime:0.000023s ]
INFO: [ app_init ] --END-- [ RunTime:0.008157s ]
INFO: [ app_begin ] --START--
INFO: Run Behavior\ReadHtmlCacheBehavior [ RunTime:0.017593s ]
INFO: [ app_begin ] --END-- [ RunTime:0.017731s ]
INFO: [ view_parse ] --START--
INFO: [ template_filter ] --START--
INFO: Run Behavior\ContentReplaceBehavior [ RunTime:0.000035s ]
INFO: [ template_filter ] --END-- [ RunTime:0.000090s ]
INFO: Run Behavior\ParseTemplateBehavior [ RunTime:0.125221s ]
INFO: [ view_parse ] --END-- [ RunTime:0.125336s ]
INFO: [ view_filter ] --START--
INFO: Run Behavior\WriteHtmlCacheBehavior [ RunTime:0.014185s ]
INFO: [ view_filter ] --END-- [ RunTime:0.014239s ]
INFO: [ app_end ] --START--
INFO: Run Behavior\ShowPageTraceBehavior [ RunTime:0.020493s ]
INFO: [ app_end ] --END-- [ RunTime:0.020547s ]

[ 2015-08-19T20:18:23+08:00 ] 127.0.0.1 /?m=Home&c=Registered&a=index
INFO: [ app_init ] --START--
INFO: Run Behavior\BuildLiteBehavior [ RunTime:0.000013s ]
INFO: [ app_init ] --END-- [ RunTime:0.000461s ]
INFO: [ app_begin ] --START--
INFO: Run Behavior\ReadHtmlCacheBehavior [ RunTime:0.000621s ]
INFO: [ app_begin ] --END-- [ RunTime:0.000674s ]
INFO: [ view_parse ] --START--
INFO: [ template_filter ] --START--
INFO: Run Behavior\ContentReplaceBehavior [ RunTime:0.000046s ]
INFO: [ template_filter ] --END-- [ RunTime:0.000097s ]
INFO: Run Behavior\ParseTemplateBehavior [ RunTime:0.013411s ]
INFO: [ view_parse ] --END-- [ RunTime:0.013478s ]
INFO: [ view_filter ] --START--
INFO: Run Behavior\WriteHtmlCacheBehavior [ RunTime:0.000484s ]
INFO: [ view_filter ] --END-- [ RunTime:0.000530s ]
INFO: [ app_end ] --START--
INFO: Run Behavior\ShowPageTraceBehavior [ RunTime:0.000637s ]
INFO: [ app_end ] --END-- [ RunTime:0.000682s ]

[ 2015-08-19T20:18:23+08:00 ] 127.0.0.1 /?m=Home&c=Registered&a=ajax
INFO: [ app_init ] --START--
INFO: Run Behavior\BuildLiteBehavior [ RunTime:0.000014s ]
INFO: [ app_init ] --END-- [ RunTime:0.000371s ]
INFO: [ app_begin ] --START--
INFO: Run Behavior\ReadHtmlCacheBehavior [ RunTime:0.000429s ]
INFO: [ app_begin ] --END-- [ RunTime:0.000471s ]
SQL: SHOW COLUMNS FROM `food` [ RunTime:0.0090s ]
SQL: SELECT COUNT(*) AS tp_count FROM `food` LIMIT 1   [ RunTime:0.0003s ]
SQL: SELECT * FROM `food` ORDER BY id LIMIT 0,6   [ RunTime:0.0004s ]
NOTIC: [8] Use of undefined constant id - assumed 'id' E:\xampp\htdocs\yiye\Application\Home\Controller\RegisteredController.class.php 第 22 行.
NOTIC: [8] Use of undefined constant pic - assumed 'pic' E:\xampp\htdocs\yiye\Application\Home\Controller\RegisteredController.class.php 第 23 行.
NOTIC: [8] Use of undefined constant title - assumed 'title' E:\xampp\htdocs\yiye\Application\Home\Controller\RegisteredController.class.php 第 24 行.
NOTIC: [8] Use of undefined constant id - assumed 'id' E:\xampp\htdocs\yiye\Application\Home\Controller\RegisteredController.class.php 第 22 行.
NOTIC: [8] Use of undefined constant pic - assumed 'pic' E:\xampp\htdocs\yiye\Application\Home\Controller\RegisteredController.class.php 第 23 行.
NOTIC: [8] Use of undefined constant title - assumed 'title' E:\xampp\htdocs\yiye\Application\Home\Controller\RegisteredController.class.php 第 24 行.
NOTIC: [8] Use of undefined constant id - assumed 'id' E:\xampp\htdocs\yiye\Application\Home\Controller\RegisteredController.class.php 第 22 行.
NOTIC: [8] Use of undefined constant pic - assumed 'pic' E:\xampp\htdocs\yiye\Application\Home\Controller\RegisteredController.class.php 第 23 行.
NOTIC: [8] Use of undefined constant title - assumed 'title' E:\xampp\htdocs\yiye\Application\Home\Controller\RegisteredController.class.php 第 24 行.
NOTIC: [8] Use of undefined constant id - assumed 'id' E:\xampp\htdocs\yiye\Application\Home\Controller\RegisteredController.class.php 第 22 行.
NOTIC: [8] Use of undefined constant pic - assumed 'pic' E:\xampp\htdocs\yiye\Application\Home\Controller\RegisteredController.class.php 第 23 行.
NOTIC: [8] Use of undefined constant title - assumed 'title' E:\xampp\htdocs\yiye\Application\Home\Controller\RegisteredController.class.php 第 24 行.
NOTIC: [8] Use of undefined constant id - assumed 'id' E:\xampp\htdocs\yiye\Application\Home\Controller\RegisteredController.class.php 第 22 行.
NOTIC: [8] Use of undefined constant pic - assumed 'pic' E:\xampp\htdocs\yiye\Application\Home\Controller\RegisteredController.class.php 第 23 行.
NOTIC: [8] Use of undefined constant title - assumed 'title' E:\xampp\htdocs\yiye\Application\Home\Controller\RegisteredController.class.php 第 24 行.
NOTIC: [8] Use of undefined constant id - assumed 'id' E:\xampp\htdocs\yiye\Application\Home\Controller\RegisteredController.class.php 第 22 行.
NOTIC: [8] Use of undefined constant pic - assumed 'pic' E:\xampp\htdocs\yiye\Application\Home\Controller\RegisteredController.class.php 第 23 行.
NOTIC: [8] Use of undefined constant title - assumed 'title' E:\xampp\htdocs\yiye\Application\Home\Controller\RegisteredController.class.php 第 24 行.
INFO: [ app_end ] --START--
INFO: Run Behavior\ShowPageTraceBehavior [ RunTime:0.000577s ]
INFO: [ app_end ] --END-- [ RunTime:0.000614s ]

[ 2015-08-19T20:18:56+08:00 ] 127.0.0.1 /?m=Home&c=Registered&a=index
INFO: [ app_init ] --START--
INFO: Run Behavior\BuildLiteBehavior [ RunTime:0.000014s ]
INFO: [ app_init ] --END-- [ RunTime:0.000416s ]
INFO: [ app_begin ] --START--
INFO: Run Behavior\ReadHtmlCacheBehavior [ RunTime:0.000523s ]
INFO: [ app_begin ] --END-- [ RunTime:0.000571s ]
INFO: [ view_parse ] --START--
INFO: [ template_filter ] --START--
INFO: Run Behavior\ContentReplaceBehavior [ RunTime:0.000046s ]
INFO: [ template_filter ] --END-- [ RunTime:0.000098s ]
INFO: Run Behavior\ParseTemplateBehavior [ RunTime:0.013145s ]
INFO: [ view_parse ] --END-- [ RunTime:0.013212s ]
INFO: [ view_filter ] --START--
INFO: Run Behavior\WriteHtmlCacheBehavior [ RunTime:0.000355s ]
INFO: [ view_filter ] --END-- [ RunTime:0.000396s ]
INFO: [ app_end ] --START--
INFO: Run Behavior\ShowPageTraceBehavior [ RunTime:0.000603s ]
INFO: [ app_end ] --END-- [ RunTime:0.000643s ]

[ 2015-08-19T20:19:00+08:00 ] 127.0.0.1 /
INFO: [ app_init ] --START--
INFO: Run Behavior\BuildLiteBehavior [ RunTime:0.000014s ]
INFO: [ app_init ] --END-- [ RunTime:0.000441s ]
INFO: [ app_begin ] --START--
INFO: Run Behavior\ReadHtmlCacheBehavior [ RunTime:0.000617s ]
INFO: [ app_begin ] --END-- [ RunTime:0.000666s ]
INFO: [ view_parse ] --START--
INFO: [ template_filter ] --START--
INFO: Run Behavior\ContentReplaceBehavior [ RunTime:0.000043s ]
INFO: [ template_filter ] --END-- [ RunTime:0.000114s ]
INFO: Run Behavior\ParseTemplateBehavior [ RunTime:0.006283s ]
INFO: [ view_parse ] --END-- [ RunTime:0.006340s ]
INFO: [ view_filter ] --START--
INFO: Run Behavior\WriteHtmlCacheBehavior [ RunTime:0.000363s ]
INFO: [ view_filter ] --END-- [ RunTime:0.000399s ]
INFO: [ app_end ] --START--
INFO: Run Behavior\ShowPageTraceBehavior [ RunTime:0.000526s ]
INFO: [ app_end ] --END-- [ RunTime:0.000562s ]

[ 2015-08-19T20:19:03+08:00 ] 127.0.0.1 /?m=Home&c=Registered&a=index
INFO: [ app_init ] --START--
INFO: Run Behavior\BuildLiteBehavior [ RunTime:0.000014s ]
INFO: [ app_init ] --END-- [ RunTime:0.000417s ]
INFO: [ app_begin ] --START--
INFO: Run Behavior\ReadHtmlCacheBehavior [ RunTime:0.000524s ]
INFO: [ app_begin ] --END-- [ RunTime:0.000582s ]
INFO: [ view_parse ] --START--
INFO: [ template_filter ] --START--
INFO: Run Behavior\ContentReplaceBehavior [ RunTime:0.000047s ]
INFO: [ template_filter ] --END-- [ RunTime:0.000101s ]
INFO: Run Behavior\ParseTemplateBehavior [ RunTime:0.006296s ]
INFO: [ view_parse ] --END-- [ RunTime:0.006360s ]
INFO: [ view_filter ] --START--
INFO: Run Behavior\WriteHtmlCacheBehavior [ RunTime:0.000327s ]
INFO: [ view_filter ] --END-- [ RunTime:0.000368s ]
INFO: [ app_end ] --START--
INFO: Run Behavior\ShowPageTraceBehavior [ RunTime:0.000553s ]
INFO: [ app_end ] --END-- [ RunTime:0.000594s ]

[ 2015-08-19T20:19:57+08:00 ] 127.0.0.1 /?m=Home&c=Registered&a=index
INFO: [ app_init ] --START--
INFO: Run Behavior\BuildLiteBehavior [ RunTime:0.000017s ]
INFO: [ app_init ] --END-- [ RunTime:0.000491s ]
INFO: [ app_begin ] --START--
INFO: Run Behavior\ReadHtmlCacheBehavior [ RunTime:0.000509s ]
INFO: [ app_begin ] --END-- [ RunTime:0.000559s ]
INFO: [ view_parse ] --START--
INFO: [ template_filter ] --START--
INFO: Run Behavior\ContentReplaceBehavior [ RunTime:0.000046s ]
INFO: [ template_filter ] --END-- [ RunTime:0.000104s ]
INFO: Run Behavior\ParseTemplateBehavior [ RunTime:0.012818s ]
INFO: [ view_parse ] --END-- [ RunTime:0.012883s ]
INFO: [ view_filter ] --START--
INFO: Run Behavior\WriteHtmlCacheBehavior [ RunTime:0.000341s ]
INFO: [ view_filter ] --END-- [ RunTime:0.000382s ]
INFO: [ app_end ] --START--
INFO: Run Behavior\ShowPageTraceBehavior [ RunTime:0.000566s ]
INFO: [ app_end ] --END-- [ RunTime:0.000613s ]

[ 2015-08-19T20:20:03+08:00 ] 127.0.0.1 /
INFO: [ app_init ] --START--
INFO: Run Behavior\BuildLiteBehavior [ RunTime:0.000014s ]
INFO: [ app_init ] --END-- [ RunTime:0.000443s ]
INFO: [ app_begin ] --START--
INFO: Run Behavior\ReadHtmlCacheBehavior [ RunTime:0.000514s ]
INFO: [ app_begin ] --END-- [ RunTime:0.000564s ]
INFO: [ view_parse ] --START--
INFO: [ template_filter ] --START--
INFO: Run Behavior\ContentReplaceBehavior [ RunTime:0.000032s ]
INFO: [ template_filter ] --END-- [ RunTime:0.000081s ]
INFO: Run Behavior\ParseTemplateBehavior [ RunTime:0.006051s ]
INFO: [ view_parse ] --END-- [ RunTime:0.006157s ]
INFO: [ view_filter ] --START--
INFO: Run Behavior\WriteHtmlCacheBehavior [ RunTime:0.000345s ]
INFO: [ view_filter ] --END-- [ RunTime:0.000389s ]
INFO: [ app_end ] --START--
INFO: Run Behavior\ShowPageTraceBehavior [ RunTime:0.000575s ]
INFO: [ app_end ] --END-- [ RunTime:0.000627s ]

[ 2015-08-19T20:20:04+08:00 ] 127.0.0.1 /?m=Home&c=Registered&a=index
INFO: [ app_init ] --START--
INFO: Run Behavior\BuildLiteBehavior [ RunTime:0.000013s ]
INFO: [ app_init ] --END-- [ RunTime:0.000397s ]
INFO: [ app_begin ] --START--
INFO: Run Behavior\ReadHtmlCacheBehavior [ RunTime:0.000439s ]
INFO: [ app_begin ] --END-- [ RunTime:0.000482s ]
INFO: [ view_parse ] --START--
INFO: [ template_filter ] --START--
INFO: Run Behavior\ContentReplaceBehavior [ RunTime:0.000042s ]
INFO: [ template_filter ] --END-- [ RunTime:0.000095s ]
INFO: Run Behavior\ParseTemplateBehavior [ RunTime:0.005429s ]
INFO: [ view_parse ] --END-- [ RunTime:0.005478s ]
INFO: [ view_filter ] --START--
INFO: Run Behavior\WriteHtmlCacheBehavior [ RunTime:0.000275s ]
INFO: [ view_filter ] --END-- [ RunTime:0.000310s ]
INFO: [ app_end ] --START--
INFO: Run Behavior\ShowPageTraceBehavior [ RunTime:0.000458s ]
INFO: [ app_end ] --END-- [ RunTime:0.000494s ]

[ 2015-08-19T20:20:26+08:00 ] 127.0.0.1 /?m=Home&c=Registered&a=index
INFO: [ app_init ] --START--
INFO: Run Behavior\BuildLiteBehavior [ RunTime:0.000014s ]
INFO: [ app_init ] --END-- [ RunTime:0.000479s ]
INFO: [ app_begin ] --START--
INFO: Run Behavior\ReadHtmlCacheBehavior [ RunTime:0.000630s ]
INFO: [ app_begin ] --END-- [ RunTime:0.000681s ]
INFO: [ view_parse ] --START--
INFO: [ template_filter ] --START--
INFO: Run Behavior\ContentReplaceBehavior [ RunTime:0.000042s ]
INFO: [ template_filter ] --END-- [ RunTime:0.000095s ]
INFO: Run Behavior\ParseTemplateBehavior [ RunTime:0.007112s ]
INFO: [ view_parse ] --END-- [ RunTime:0.007173s ]
INFO: [ view_filter ] --START--
INFO: Run Behavior\WriteHtmlCacheBehavior [ RunTime:0.000397s ]
INFO: [ view_filter ] --END-- [ RunTime:0.000435s ]
INFO: [ app_end ] --START--
INFO: Run Behavior\ShowPageTraceBehavior [ RunTime:0.000511s ]
INFO: [ app_end ] --END-- [ RunTime:0.000549s ]

[ 2015-08-19T20:21:27+08:00 ] 127.0.0.1 /?m=Home&c=Registered&a=index
INFO: [ app_init ] --START--
INFO: Run Behavior\BuildLiteBehavior [ RunTime:0.000014s ]
INFO: [ app_init ] --END-- [ RunTime:0.000448s ]
INFO: [ app_begin ] --START--
INFO: Run Behavior\ReadHtmlCacheBehavior [ RunTime:0.000446s ]
INFO: [ app_begin ] --END-- [ RunTime:0.000491s ]
INFO: [ view_parse ] --START--
INFO: [ template_filter ] --START--
INFO: Run Behavior\ContentReplaceBehavior [ RunTime:0.000038s ]
INFO: [ template_filter ] --END-- [ RunTime:0.000087s ]
INFO: Run Behavior\ParseTemplateBehavior [ RunTime:0.012678s ]
INFO: [ view_parse ] --END-- [ RunTime:0.012738s ]
INFO: [ view_filter ] --START--
INFO: Run Behavior\WriteHtmlCacheBehavior [ RunTime:0.000307s ]
INFO: [ view_filter ] --END-- [ RunTime:0.000343s ]
INFO: [ app_end ] --START--
INFO: Run Behavior\ShowPageTraceBehavior [ RunTime:0.000464s ]
INFO: [ app_end ] --END-- [ RunTime:0.000499s ]

[ 2015-08-19T20:21:28+08:00 ] 127.0.0.1 /Home/Registered/ajax
INFO: [ app_init ] --START--
INFO: Run Behavior\BuildLiteBehavior [ RunTime:0.000020s ]
INFO: [ app_init ] --END-- [ RunTime:0.000536s ]
INFO: [ app_begin ] --START--
INFO: Run Behavior\ReadHtmlCacheBehavior [ RunTime:0.000935s ]
INFO: [ app_begin ] --END-- [ RunTime:0.001026s ]
SQL: SHOW COLUMNS FROM `food` [ RunTime:0.1105s ]
SQL: SELECT COUNT(*) AS tp_count FROM `food` LIMIT 1   [ RunTime:0.0006s ]
SQL: SELECT * FROM `food` ORDER BY id LIMIT 0,6   [ RunTime:0.0008s ]
NOTIC: [8] Use of undefined constant id - assumed 'id' E:\xampp\htdocs\yiye\Application\Home\Controller\RegisteredController.class.php 第 22 行.
NOTIC: [8] Use of undefined constant pic - assumed 'pic' E:\xampp\htdocs\yiye\Application\Home\Controller\RegisteredController.class.php 第 23 行.
NOTIC: [8] Use of undefined constant title - assumed 'title' E:\xampp\htdocs\yiye\Application\Home\Controller\RegisteredController.class.php 第 24 行.
NOTIC: [8] Use of undefined constant id - assumed 'id' E:\xampp\htdocs\yiye\Application\Home\Controller\RegisteredController.class.php 第 22 行.
NOTIC: [8] Use of undefined constant pic - assumed 'pic' E:\xampp\htdocs\yiye\Application\Home\Controller\RegisteredController.class.php 第 23 行.
NOTIC: [8] Use of undefined constant title - assumed 'title' E:\xampp\htdocs\yiye\Application\Home\Controller\RegisteredController.class.php 第 24 行.
NOTIC: [8] Use of undefined constant id - assumed 'id' E:\xampp\htdocs\yiye\Application\Home\Controller\RegisteredController.class.php 第 22 行.
NOTIC: [8] Use of undefined constant pic - assumed 'pic' E:\xampp\htdocs\yiye\Application\Home\Controller\RegisteredController.class.php 第 23 行.
NOTIC: [8] Use of undefined constant title - assumed 'title' E:\xampp\htdocs\yiye\Application\Home\Controller\RegisteredController.class.php 第 24 行.
NOTIC: [8] Use of undefined constant id - assumed 'id' E:\xampp\htdocs\yiye\Application\Home\Controller\RegisteredController.class.php 第 22 行.
NOTIC: [8] Use of undefined constant pic - assumed 'pic' E:\xampp\htdocs\yiye\Application\Home\Controller\RegisteredController.class.php 第 23 行.
NOTIC: [8] Use of undefined constant title - assumed 'title' E:\xampp\htdocs\yiye\Application\Home\Controller\RegisteredController.class.php 第 24 行.
NOTIC: [8] Use of undefined constant id - assumed 'id' E:\xampp\htdocs\yiye\Application\Home\Controller\RegisteredController.class.php 第 22 行.
NOTIC: [8] Use of undefined constant pic - assumed 'pic' E:\xampp\htdocs\yiye\Application\Home\Controller\RegisteredController.class.php 第 23 行.
NOTIC: [8] Use of undefined constant title - assumed 'title' E:\xampp\htdocs\yiye\Application\Home\Controller\RegisteredController.class.php 第 24 行.
NOTIC: [8] Use of undefined constant id - assumed 'id' E:\xampp\htdocs\yiye\Application\Home\Controller\RegisteredController.class.php 第 22 行.
NOTIC: [8] Use of undefined constant pic - assumed 'pic' E:\xampp\htdocs\yiye\Application\Home\Controller\RegisteredController.class.php 第 23 行.
NOTIC: [8] Use of undefined constant title - assumed 'title' E:\xampp\htdocs\yiye\Application\Home\Controller\RegisteredController.class.php 第 24 行.
INFO: [ app_end ] --START--
INFO: Run Behavior\ShowPageTraceBehavior [ RunTime:0.001554s ]
INFO: [ app_end ] --END-- [ RunTime:0.001682s ]

[ 2015-08-19T20:21:39+08:00 ] 127.0.0.1 /Home/Registered/ajax
INFO: [ app_init ] --START--
INFO: Run Behavior\BuildLiteBehavior [ RunTime:0.000013s ]
INFO: [ app_init ] --END-- [ RunTime:0.000391s ]
INFO: [ app_begin ] --START--
INFO: Run Behavior\ReadHtmlCacheBehavior [ RunTime:0.000553s ]
INFO: [ app_begin ] --END-- [ RunTime:0.000610s ]
SQL: SHOW COLUMNS FROM `food` [ RunTime:0.0098s ]
SQL: SELECT COUNT(*) AS tp_count FROM `food` LIMIT 1   [ RunTime:0.0003s ]
SQL: SELECT * FROM `food` ORDER BY id LIMIT 24,6   [ RunTime:0.0005s ]
NOTIC: [8] Use of undefined constant id - assumed 'id' E:\xampp\htdocs\yiye\Application\Home\Controller\RegisteredController.class.php 第 22 行.
NOTIC: [8] Use of undefined constant pic - assumed 'pic' E:\xampp\htdocs\yiye\Application\Home\Controller\RegisteredController.class.php 第 23 行.
NOTIC: [8] Use of undefined constant title - assumed 'title' E:\xampp\htdocs\yiye\Application\Home\Controller\RegisteredController.class.php 第 24 行.
NOTIC: [8] Use of undefined constant id - assumed 'id' E:\xampp\htdocs\yiye\Application\Home\Controller\RegisteredController.class.php 第 22 行.
NOTIC: [8] Use of undefined constant pic - assumed 'pic' E:\xampp\htdocs\yiye\Application\Home\Controller\RegisteredController.class.php 第 23 行.
NOTIC: [8] Use of undefined constant title - assumed 'title' E:\xampp\htdocs\yiye\Application\Home\Controller\RegisteredController.class.php 第 24 行.
NOTIC: [8] Use of undefined constant id - assumed 'id' E:\xampp\htdocs\yiye\Application\Home\Controller\RegisteredController.class.php 第 22 行.
NOTIC: [8] Use of undefined constant pic - assumed 'pic' E:\xampp\htdocs\yiye\Application\Home\Controller\RegisteredController.class.php 第 23 行.
NOTIC: [8] Use of undefined constant title - assumed 'title' E:\xampp\htdocs\yiye\Application\Home\Controller\RegisteredController.class.php 第 24 行.
NOTIC: [8] Use of undefined constant id - assumed 'id' E:\xampp\htdocs\yiye\Application\Home\Controller\RegisteredController.class.php 第 22 行.
NOTIC: [8] Use of undefined constant pic - assumed 'pic' E:\xampp\htdocs\yiye\Application\Home\Controller\RegisteredController.class.php 第 23 行.
NOTIC: [8] Use of undefined constant title - assumed 'title' E:\xampp\htdocs\yiye\Application\Home\Controller\RegisteredController.class.php 第 24 行.
NOTIC: [8] Use of undefined constant id - assumed 'id' E:\xampp\htdocs\yiye\Application\Home\Controller\RegisteredController.class.php 第 22 行.
NOTIC: [8] Use of undefined constant pic - assumed 'pic' E:\xampp\htdocs\yiye\Application\Home\Controller\RegisteredController.class.php 第 23 行.
NOTIC: [8] Use of undefined constant title - assumed 'title' E:\xampp\htdocs\yiye\Application\Home\Controller\RegisteredController.class.php 第 24 行.
NOTIC: [8] Use of undefined constant id - assumed 'id' E:\xampp\htdocs\yiye\Application\Home\Controller\RegisteredController.class.php 第 22 行.
NOTIC: [8] Use of undefined constant pic - assumed 'pic' E:\xampp\htdocs\yiye\Application\Home\Controller\RegisteredController.class.php 第 23 行.
NOTIC: [8] Use of undefined constant title - assumed 'title' E:\xampp\htdocs\yiye\Application\Home\Controller\RegisteredController.class.php 第 24 行.
INFO: [ app_end ] --START--
INFO: Run Behavior\ShowPageTraceBehavior [ RunTime:0.000759s ]
INFO: [ app_end ] --END-- [ RunTime:0.000826s ]

[ 2015-08-19T20:21:40+08:00 ] 127.0.0.1 /Home/Registered/ajax
INFO: [ app_init ] --START--
INFO: Run Behavior\BuildLiteBehavior [ RunTime:0.000013s ]
INFO: [ app_init ] --END-- [ RunTime:0.000443s ]
INFO: [ app_begin ] --START--
INFO: Run Behavior\ReadHtmlCacheBehavior [ RunTime:0.000500s ]
INFO: [ app_begin ] --END-- [ RunTime:0.000547s ]
SQL: SHOW COLUMNS FROM `food` [ RunTime:0.0077s ]
SQL: SELECT COUNT(*) AS tp_count FROM `food` LIMIT 1   [ RunTime:0.0003s ]
SQL: SELECT * FROM `food` ORDER BY id LIMIT 18,6   [ RunTime:0.0004s ]
NOTIC: [8] Use of undefined constant id - assumed 'id' E:\xampp\htdocs\yiye\Application\Home\Controller\RegisteredController.class.php 第 22 行.
NOTIC: [8] Use of undefined constant pic - assumed 'pic' E:\xampp\htdocs\yiye\Application\Home\Controller\RegisteredController.class.php 第 23 行.
NOTIC: [8] Use of undefined constant title - assumed 'title' E:\xampp\htdocs\yiye\Application\Home\Controller\RegisteredController.class.php 第 24 行.
NOTIC: [8] Use of undefined constant id - assumed 'id' E:\xampp\htdocs\yiye\Application\Home\Controller\RegisteredController.class.php 第 22 行.
NOTIC: [8] Use of undefined constant pic - assumed 'pic' E:\xampp\htdocs\yiye\Application\Home\Controller\RegisteredController.class.php 第 23 行.
NOTIC: [8] Use of undefined constant title - assumed 'title' E:\xampp\htdocs\yiye\Application\Home\Controller\RegisteredController.class.php 第 24 行.
NOTIC: [8] Use of undefined constant id - assumed 'id' E:\xampp\htdocs\yiye\Application\Home\Controller\RegisteredController.class.php 第 22 行.
NOTIC: [8] Use of undefined constant pic - assumed 'pic' E:\xampp\htdocs\yiye\Application\Home\Controller\RegisteredController.class.php 第 23 行.
NOTIC: [8] Use of undefined constant title - assumed 'title' E:\xampp\htdocs\yiye\Application\Home\Controller\RegisteredController.class.php 第 24 行.
NOTIC: [8] Use of undefined constant id - assumed 'id' E:\xampp\htdocs\yiye\Application\Home\Controller\RegisteredController.class.php 第 22 行.
NOTIC: [8] Use of undefined constant pic - assumed 'pic' E:\xampp\htdocs\yiye\Application\Home\Controller\RegisteredController.class.php 第 23 行.
NOTIC: [8] Use of undefined constant title - assumed 'title' E:\xampp\htdocs\yiye\Application\Home\Controller\RegisteredController.class.php 第 24 行.
NOTIC: [8] Use of undefined constant id - assumed 'id' E:\xampp\htdocs\yiye\Application\Home\Controller\RegisteredController.class.php 第 22 行.
NOTIC: [8] Use of undefined constant pic - assumed 'pic' E:\xampp\htdocs\yiye\Application\Home\Controller\RegisteredController.class.php 第 23 行.
NOTIC: [8] Use of undefined constant title - assumed 'title' E:\xampp\htdocs\yiye\Application\Home\Controller\RegisteredController.class.php 第 24 行.
NOTIC: [8] Use of undefined constant id - assumed 'id' E:\xampp\htdocs\yiye\Application\Home\Controller\RegisteredController.class.php 第 22 行.
NOTIC: [8] Use of undefined constant pic - assumed 'pic' E:\xampp\htdocs\yiye\Application\Home\Controller\RegisteredController.class.php 第 23 行.
NOTIC: [8] Use of undefined constant title - assumed 'title' E:\xampp\htdocs\yiye\Application\Home\Controller\RegisteredController.class.php 第 24 行.
INFO: [ app_end ] --START--
INFO: Run Behavior\ShowPageTraceBehavior [ RunTime:0.000597s ]
INFO: [ app_end ] --END-- [ RunTime:0.000637s ]

[ 2015-08-19T20:21:41+08:00 ] 127.0.0.1 /Home/Registered/ajax
INFO: [ app_init ] --START--
INFO: Run Behavior\BuildLiteBehavior [ RunTime:0.000017s ]
INFO: [ app_init ] --END-- [ RunTime:0.000568s ]
INFO: [ app_begin ] --START--
INFO: Run Behavior\ReadHtmlCacheBehavior [ RunTime:0.000576s ]
INFO: [ app_begin ] --END-- [ RunTime:0.000626s ]
SQL: SHOW COLUMNS FROM `food` [ RunTime:0.0084s ]
SQL: SELECT COUNT(*) AS tp_count FROM `food` LIMIT 1   [ RunTime:0.0004s ]
SQL: SELECT * FROM `food` ORDER BY id LIMIT 12,6   [ RunTime:0.0005s ]
NOTIC: [8] Use of undefined constant id - assumed 'id' E:\xampp\htdocs\yiye\Application\Home\Controller\RegisteredController.class.php 第 22 行.
NOTIC: [8] Use of undefined constant pic - assumed 'pic' E:\xampp\htdocs\yiye\Application\Home\Controller\RegisteredController.class.php 第 23 行.
NOTIC: [8] Use of undefined constant title - assumed 'title' E:\xampp\htdocs\yiye\Application\Home\Controller\RegisteredController.class.php 第 24 行.
NOTIC: [8] Use of undefined constant id - assumed 'id' E:\xampp\htdocs\yiye\Application\Home\Controller\RegisteredController.class.php 第 22 行.
NOTIC: [8] Use of undefined constant pic - assumed 'pic' E:\xampp\htdocs\yiye\Application\Home\Controller\RegisteredController.class.php 第 23 行.
NOTIC: [8] Use of undefined constant title - assumed 'title' E:\xampp\htdocs\yiye\Application\Home\Controller\RegisteredController.class.php 第 24 行.
NOTIC: [8] Use of undefined constant id - assumed 'id' E:\xampp\htdocs\yiye\Application\Home\Controller\RegisteredController.class.php 第 22 行.
NOTIC: [8] Use of undefined constant pic - assumed 'pic' E:\xampp\htdocs\yiye\Application\Home\Controller\RegisteredController.class.php 第 23 行.
NOTIC: [8] Use of undefined constant title - assumed 'title' E:\xampp\htdocs\yiye\Application\Home\Controller\RegisteredController.class.php 第 24 行.
NOTIC: [8] Use of undefined constant id - assumed 'id' E:\xampp\htdocs\yiye\Application\Home\Controller\RegisteredController.class.php 第 22 行.
NOTIC: [8] Use of undefined constant pic - assumed 'pic' E:\xampp\htdocs\yiye\Application\Home\Controller\RegisteredController.class.php 第 23 行.
NOTIC: [8] Use of undefined constant title - assumed 'title' E:\xampp\htdocs\yiye\Application\Home\Controller\RegisteredController.class.php 第 24 行.
NOTIC: [8] Use of undefined constant id - assumed 'id' E:\xampp\htdocs\yiye\Application\Home\Controller\RegisteredController.class.php 第 22 行.
NOTIC: [8] Use of undefined constant pic - assumed 'pic' E:\xampp\htdocs\yiye\Application\Home\Controller\RegisteredController.class.php 第 23 行.
NOTIC: [8] Use of undefined constant title - assumed 'title' E:\xampp\htdocs\yiye\Application\Home\Controller\RegisteredController.class.php 第 24 行.
NOTIC: [8] Use of undefined constant id - assumed 'id' E:\xampp\htdocs\yiye\Application\Home\Controller\RegisteredController.class.php 第 22 行.
NOTIC: [8] Use of undefined constant pic - assumed 'pic' E:\xampp\htdocs\yiye\Application\Home\Controller\RegisteredController.class.php 第 23 行.
NOTIC: [8] Use of undefined constant title - assumed 'title' E:\xampp\htdocs\yiye\Application\Home\Controller\RegisteredController.class.php 第 24 行.
INFO: [ app_end ] --START--
INFO: Run Behavior\ShowPageTraceBehavior [ RunTime:0.000762s ]
INFO: [ app_end ] --END-- [ RunTime:0.000832s ]

[ 2015-08-19T20:21:41+08:00 ] 127.0.0.1 /Home/Registered/ajax
INFO: [ app_init ] --START--
INFO: Run Behavior\BuildLiteBehavior [ RunTime:0.000015s ]
INFO: [ app_init ] --END-- [ RunTime:0.000444s ]
INFO: [ app_begin ] --START--
INFO: Run Behavior\ReadHtmlCacheBehavior [ RunTime:0.000576s ]
INFO: [ app_begin ] --END-- [ RunTime:0.000651s ]
SQL: SHOW COLUMNS FROM `food` [ RunTime:0.0046s ]
SQL: SELECT COUNT(*) AS tp_count FROM `food` LIMIT 1   [ RunTime:0.0003s ]
SQL: SELECT * FROM `food` ORDER BY id LIMIT 6,6   [ RunTime:0.0005s ]
NOTIC: [8] Use of undefined constant id - assumed 'id' E:\xampp\htdocs\yiye\Application\Home\Controller\RegisteredController.class.php 第 22 行.
NOTIC: [8] Use of undefined constant pic - assumed 'pic' E:\xampp\htdocs\yiye\Application\Home\Controller\RegisteredController.class.php 第 23 行.
NOTIC: [8] Use of undefined constant title - assumed 'title' E:\xampp\htdocs\yiye\Application\Home\Controller\RegisteredController.class.php 第 24 行.
NOTIC: [8] Use of undefined constant id - assumed 'id' E:\xampp\htdocs\yiye\Application\Home\Controller\RegisteredController.class.php 第 22 行.
NOTIC: [8] Use of undefined constant pic - assumed 'pic' E:\xampp\htdocs\yiye\Application\Home\Controller\RegisteredController.class.php 第 23 行.
NOTIC: [8] Use of undefined constant title - assumed 'title' E:\xampp\htdocs\yiye\Application\Home\Controller\RegisteredController.class.php 第 24 行.
NOTIC: [8] Use of undefined constant id - assumed 'id' E:\xampp\htdocs\yiye\Application\Home\Controller\RegisteredController.class.php 第 22 行.
NOTIC: [8] Use of undefined constant pic - assumed 'pic' E:\xampp\htdocs\yiye\Application\Home\Controller\RegisteredController.class.php 第 23 行.
NOTIC: [8] Use of undefined constant title - assumed 'title' E:\xampp\htdocs\yiye\Application\Home\Controller\RegisteredController.class.php 第 24 行.
NOTIC: [8] Use of undefined constant id - assumed 'id' E:\xampp\htdocs\yiye\Application\Home\Controller\RegisteredController.class.php 第 22 行.
NOTIC: [8] Use of undefined constant pic - assumed 'pic' E:\xampp\htdocs\yiye\Application\Home\Controller\RegisteredController.class.php 第 23 行.
NOTIC: [8] Use of undefined constant title - assumed 'title' E:\xampp\htdocs\yiye\Application\Home\Controller\RegisteredController.class.php 第 24 行.
NOTIC: [8] Use of undefined constant id - assumed 'id' E:\xampp\htdocs\yiye\Application\Home\Controller\RegisteredController.class.php 第 22 行.
NOTIC: [8] Use of undefined constant pic - assumed 'pic' E:\xampp\htdocs\yiye\Application\Home\Controller\RegisteredController.class.php 第 23 行.
NOTIC: [8] Use of undefined constant title - assumed 'title' E:\xampp\htdocs\yiye\Application\Home\Controller\RegisteredController.class.php 第 24 行.
NOTIC: [8] Use of undefined constant id - assumed 'id' E:\xampp\htdocs\yiye\Application\Home\Controller\RegisteredController.class.php 第 22 行.
NOTIC: [8] Use of undefined constant pic - assumed 'pic' E:\xampp\htdocs\yiye\Application\Home\Controller\RegisteredController.class.php 第 23 行.
NOTIC: [8] Use of undefined constant title - assumed 'title' E:\xampp\htdocs\yiye\Application\Home\Controller\RegisteredController.class.php 第 24 行.
INFO: [ app_end ] --START--
INFO: Run Behavior\ShowPageTraceBehavior [ RunTime:0.000684s ]
INFO: [ app_end ] --END-- [ RunTime:0.000734s ]

[ 2015-08-19T20:21:42+08:00 ] 127.0.0.1 /Home/Registered/ajax
INFO: [ app_init ] --START--
INFO: Run Behavior\BuildLiteBehavior [ RunTime:0.000014s ]
INFO: [ app_init ] --END-- [ RunTime:0.000414s ]
INFO: [ app_begin ] --START--
INFO: Run Behavior\ReadHtmlCacheBehavior [ RunTime:0.000485s ]
INFO: [ app_begin ] --END-- [ RunTime:0.000539s ]
SQL: SHOW COLUMNS FROM `food` [ RunTime:0.0078s ]
SQL: SELECT COUNT(*) AS tp_count FROM `food` LIMIT 1   [ RunTime:0.0003s ]
SQL: SELECT * FROM `food` ORDER BY id LIMIT 0,6   [ RunTime:0.0005s ]
NOTIC: [8] Use of undefined constant id - assumed 'id' E:\xampp\htdocs\yiye\Application\Home\Controller\RegisteredController.class.php 第 22 行.
NOTIC: [8] Use of undefined constant pic - assumed 'pic' E:\xampp\htdocs\yiye\Application\Home\Controller\RegisteredController.class.php 第 23 行.
NOTIC: [8] Use of undefined constant title - assumed 'title' E:\xampp\htdocs\yiye\Application\Home\Controller\RegisteredController.class.php 第 24 行.
NOTIC: [8] Use of undefined constant id - assumed 'id' E:\xampp\htdocs\yiye\Application\Home\Controller\RegisteredController.class.php 第 22 行.
NOTIC: [8] Use of undefined constant pic - assumed 'pic' E:\xampp\htdocs\yiye\Application\Home\Controller\RegisteredController.class.php 第 23 行.
NOTIC: [8] Use of undefined constant title - assumed 'title' E:\xampp\htdocs\yiye\Application\Home\Controller\RegisteredController.class.php 第 24 行.
NOTIC: [8] Use of undefined constant id - assumed 'id' E:\xampp\htdocs\yiye\Application\Home\Controller\RegisteredController.class.php 第 22 行.
NOTIC: [8] Use of undefined constant pic - assumed 'pic' E:\xampp\htdocs\yiye\Application\Home\Controller\RegisteredController.class.php 第 23 行.
NOTIC: [8] Use of undefined constant title - assumed 'title' E:\xampp\htdocs\yiye\Application\Home\Controller\RegisteredController.class.php 第 24 行.
NOTIC: [8] Use of undefined constant id - assumed 'id' E:\xampp\htdocs\yiye\Application\Home\Controller\RegisteredController.class.php 第 22 行.
NOTIC: [8] Use of undefined constant pic - assumed 'pic' E:\xampp\htdocs\yiye\Application\Home\Controller\RegisteredController.class.php 第 23 行.
NOTIC: [8] Use of undefined constant title - assumed 'title' E:\xampp\htdocs\yiye\Application\Home\Controller\RegisteredController.class.php 第 24 行.
NOTIC: [8] Use of undefined constant id - assumed 'id' E:\xampp\htdocs\yiye\Application\Home\Controller\RegisteredController.class.php 第 22 行.
NOTIC: [8] Use of undefined constant pic - assumed 'pic' E:\xampp\htdocs\yiye\Application\Home\Controller\RegisteredController.class.php 第 23 行.
NOTIC: [8] Use of undefined constant title - assumed 'title' E:\xampp\htdocs\yiye\Application\Home\Controller\RegisteredController.class.php 第 24 行.
NOTIC: [8] Use of undefined constant id - assumed 'id' E:\xampp\htdocs\yiye\Application\Home\Controller\RegisteredController.class.php 第 22 行.
NOTIC: [8] Use of undefined constant pic - assumed 'pic' E:\xampp\htdocs\yiye\Application\Home\Controller\RegisteredController.class.php 第 23 行.
NOTIC: [8] Use of undefined constant title - assumed 'title' E:\xampp\htdocs\yiye\Application\Home\Controller\RegisteredController.class.php 第 24 行.
INFO: [ app_end ] --START--
INFO: Run Behavior\ShowPageTraceBehavior [ RunTime:0.000646s ]
INFO: [ app_end ] --END-- [ RunTime:0.000687s ]

[ 2015-08-19T20:22:03+08:00 ] 127.0.0.1 /?m=Home&c=Registered&a=index
INFO: [ app_init ] --START--
INFO: Run Behavior\BuildLiteBehavior [ RunTime:0.000023s ]
INFO: [ app_init ] --END-- [ RunTime:0.000588s ]
INFO: [ app_begin ] --START--
INFO: Run Behavior\ReadHtmlCacheBehavior [ RunTime:0.000685s ]
INFO: [ app_begin ] --END-- [ RunTime:0.000789s ]
INFO: [ view_parse ] --START--
INFO: [ template_filter ] --START--
INFO: Run Behavior\ContentReplaceBehavior [ RunTime:0.000064s ]
INFO: [ template_filter ] --END-- [ RunTime:0.000132s ]
INFO: Run Behavior\ParseTemplateBehavior [ RunTime:0.006978s ]
INFO: [ view_parse ] --END-- [ RunTime:0.007063s ]
INFO: [ view_filter ] --START--
INFO: Run Behavior\WriteHtmlCacheBehavior [ RunTime:0.000318s ]
INFO: [ view_filter ] --END-- [ RunTime:0.000358s ]
INFO: [ app_end ] --START--
INFO: Run Behavior\ShowPageTraceBehavior [ RunTime:0.000570s ]
INFO: [ app_end ] --END-- [ RunTime:0.000618s ]

[ 2015-08-19T20:22:03+08:00 ] 127.0.0.1 /Home/Registered/ajax
INFO: [ app_init ] --START--
INFO: Run Behavior\BuildLiteBehavior [ RunTime:0.000017s ]
INFO: [ app_init ] --END-- [ RunTime:0.000512s ]
INFO: [ app_begin ] --START--
INFO: Run Behavior\ReadHtmlCacheBehavior [ RunTime:0.000453s ]
INFO: [ app_begin ] --END-- [ RunTime:0.000511s ]
SQL: SHOW COLUMNS FROM `food` [ RunTime:0.0097s ]
SQL: SELECT COUNT(*) AS tp_count FROM `food` LIMIT 1   [ RunTime:0.0007s ]
SQL: SELECT * FROM `food` ORDER BY id LIMIT 0,6   [ RunTime:0.0006s ]
NOTIC: [8] Use of undefined constant id - assumed 'id' E:\xampp\htdocs\yiye\Application\Home\Controller\RegisteredController.class.php 第 22 行.
NOTIC: [8] Use of undefined constant pic - assumed 'pic' E:\xampp\htdocs\yiye\Application\Home\Controller\RegisteredController.class.php 第 23 行.
NOTIC: [8] Use of undefined constant title - assumed 'title' E:\xampp\htdocs\yiye\Application\Home\Controller\RegisteredController.class.php 第 24 行.
NOTIC: [8] Use of undefined constant id - assumed 'id' E:\xampp\htdocs\yiye\Application\Home\Controller\RegisteredController.class.php 第 22 行.
NOTIC: [8] Use of undefined constant pic - assumed 'pic' E:\xampp\htdocs\yiye\Application\Home\Controller\RegisteredController.class.php 第 23 行.
NOTIC: [8] Use of undefined constant title - assumed 'title' E:\xampp\htdocs\yiye\Application\Home\Controller\RegisteredController.class.php 第 24 行.
NOTIC: [8] Use of undefined constant id - assumed 'id' E:\xampp\htdocs\yiye\Application\Home\Controller\RegisteredController.class.php 第 22 行.
NOTIC: [8] Use of undefined constant pic - assumed 'pic' E:\xampp\htdocs\yiye\Application\Home\Controller\RegisteredController.class.php 第 23 行.
NOTIC: [8] Use of undefined constant title - assumed 'title' E:\xampp\htdocs\yiye\Application\Home\Controller\RegisteredController.class.php 第 24 行.
NOTIC: [8] Use of undefined constant id - assumed 'id' E:\xampp\htdocs\yiye\Application\Home\Controller\RegisteredController.class.php 第 22 行.
NOTIC: [8] Use of undefined constant pic - assumed 'pic' E:\xampp\htdocs\yiye\Application\Home\Controller\RegisteredController.class.php 第 23 行.
NOTIC: [8] Use of undefined constant title - assumed 'title' E:\xampp\htdocs\yiye\Application\Home\Controller\RegisteredController.class.php 第 24 行.
NOTIC: [8] Use of undefined constant id - assumed 'id' E:\xampp\htdocs\yiye\Application\Home\Controller\RegisteredController.class.php 第 22 行.
NOTIC: [8] Use of undefined constant pic - assumed 'pic' E:\xampp\htdocs\yiye\Application\Home\Controller\RegisteredController.class.php 第 23 行.
NOTIC: [8] Use of undefined constant title - assumed 'title' E:\xampp\htdocs\yiye\Application\Home\Controller\RegisteredController.class.php 第 24 行.
NOTIC: [8] Use of undefined constant id - assumed 'id' E:\xampp\htdocs\yiye\Application\Home\Controller\RegisteredController.class.php 第 22 行.
NOTIC: [8] Use of undefined constant pic - assumed 'pic' E:\xampp\htdocs\yiye\Application\Home\Controller\RegisteredController.class.php 第 23 行.
NOTIC: [8] Use of undefined constant title - assumed 'title' E:\xampp\htdocs\yiye\Application\Home\Controller\RegisteredController.class.php 第 24 行.
INFO: [ app_end ] --START--
INFO: Run Behavior\ShowPageTraceBehavior [ RunTime:0.001523s ]
INFO: [ app_end ] --END-- [ RunTime:0.001607s ]

[ 2015-08-19T20:22:17+08:00 ] 127.0.0.1 /?m=Home&c=Registered&a=index
INFO: [ app_init ] --START--
INFO: Run Behavior\BuildLiteBehavior [ RunTime:0.000017s ]
INFO: [ app_init ] --END-- [ RunTime:0.000497s ]
INFO: [ app_begin ] --START--
INFO: Run Behavior\ReadHtmlCacheBehavior [ RunTime:0.000511s ]
INFO: [ app_begin ] --END-- [ RunTime:0.000560s ]
INFO: [ view_parse ] --START--
INFO: [ template_filter ] --START--
INFO: Run Behavior\ContentReplaceBehavior [ RunTime:0.000046s ]
INFO: [ template_filter ] --END-- [ RunTime:0.000104s ]
INFO: Run Behavior\ParseTemplateBehavior [ RunTime:0.045304s ]
INFO: [ view_parse ] --END-- [ RunTime:0.045371s ]
INFO: [ view_filter ] --START--
INFO: Run Behavior\WriteHtmlCacheBehavior [ RunTime:0.000469s ]
INFO: [ view_filter ] --END-- [ RunTime:0.000511s ]
INFO: [ app_end ] --START--
INFO: Run Behavior\ShowPageTraceBehavior [ RunTime:0.000728s ]
INFO: [ app_end ] --END-- [ RunTime:0.000800s ]

[ 2015-08-19T20:22:17+08:00 ] 127.0.0.1 /Home/Registered/ajax
INFO: [ app_init ] --START--
INFO: Run Behavior\BuildLiteBehavior [ RunTime:0.000014s ]
INFO: [ app_init ] --END-- [ RunTime:0.000471s ]
INFO: [ app_begin ] --START--
INFO: Run Behavior\ReadHtmlCacheBehavior [ RunTime:0.000607s ]
INFO: [ app_begin ] --END-- [ RunTime:0.000707s ]
SQL: SHOW COLUMNS FROM `food` [ RunTime:0.0093s ]
SQL: SELECT COUNT(*) AS tp_count FROM `food` LIMIT 1   [ RunTime:0.0002s ]
SQL: SELECT * FROM `food` ORDER BY id LIMIT 0,6   [ RunTime:0.0003s ]
NOTIC: [8] Use of undefined constant id - assumed 'id' E:\xampp\htdocs\yiye\Application\Home\Controller\RegisteredController.class.php 第 22 行.
NOTIC: [8] Use of undefined constant pic - assumed 'pic' E:\xampp\htdocs\yiye\Application\Home\Controller\RegisteredController.class.php 第 23 行.
NOTIC: [8] Use of undefined constant title - assumed 'title' E:\xampp\htdocs\yiye\Application\Home\Controller\RegisteredController.class.php 第 24 行.
NOTIC: [8] Use of undefined constant id - assumed 'id' E:\xampp\htdocs\yiye\Application\Home\Controller\RegisteredController.class.php 第 22 行.
NOTIC: [8] Use of undefined constant pic - assumed 'pic' E:\xampp\htdocs\yiye\Application\Home\Controller\RegisteredController.class.php 第 23 行.
NOTIC: [8] Use of undefined constant title - assumed 'title' E:\xampp\htdocs\yiye\Application\Home\Controller\RegisteredController.class.php 第 24 行.
NOTIC: [8] Use of undefined constant id - assumed 'id' E:\xampp\htdocs\yiye\Application\Home\Controller\RegisteredController.class.php 第 22 行.
NOTIC: [8] Use of undefined constant pic - assumed 'pic' E:\xampp\htdocs\yiye\Application\Home\Controller\RegisteredController.class.php 第 23 行.
NOTIC: [8] Use of undefined constant title - assumed 'title' E:\xampp\htdocs\yiye\Application\Home\Controller\RegisteredController.class.php 第 24 行.
NOTIC: [8] Use of undefined constant id - assumed 'id' E:\xampp\htdocs\yiye\Application\Home\Controller\RegisteredController.class.php 第 22 行.
NOTIC: [8] Use of undefined constant pic - assumed 'pic' E:\xampp\htdocs\yiye\Application\Home\Controller\RegisteredController.class.php 第 23 行.
NOTIC: [8] Use of undefined constant title - assumed 'title' E:\xampp\htdocs\yiye\Application\Home\Controller\RegisteredController.class.php 第 24 行.
NOTIC: [8] Use of undefined constant id - assumed 'id' E:\xampp\htdocs\yiye\Application\Home\Controller\RegisteredController.class.php 第 22 行.
NOTIC: [8] Use of undefined constant pic - assumed 'pic' E:\xampp\htdocs\yiye\Application\Home\Controller\RegisteredController.class.php 第 23 行.
NOTIC: [8] Use of undefined constant title - assumed 'title' E:\xampp\htdocs\yiye\Application\Home\Controller\RegisteredController.class.php 第 24 行.
NOTIC: [8] Use of undefined constant id - assumed 'id' E:\xampp\htdocs\yiye\Application\Home\Controller\RegisteredController.class.php 第 22 行.
NOTIC: [8] Use of undefined constant pic - assumed 'pic' E:\xampp\htdocs\yiye\Application\Home\Controller\RegisteredController.class.php 第 23 行.
NOTIC: [8] Use of undefined constant title - assumed 'title' E:\xampp\htdocs\yiye\Application\Home\Controller\RegisteredController.class.php 第 24 行.
INFO: [ app_end ] --START--
INFO: Run Behavior\ShowPageTraceBehavior [ RunTime:0.000588s ]
INFO: [ app_end ] --END-- [ RunTime:0.000625s ]

[ 2015-08-19T20:22:37+08:00 ] 127.0.0.1 /?m=Home&c=Registered&a=index
INFO: [ app_init ] --START--
INFO: Run Behavior\BuildLiteBehavior [ RunTime:0.000014s ]
INFO: [ app_init ] --END-- [ RunTime:0.000444s ]
INFO: [ app_begin ] --START--
INFO: Run Behavior\ReadHtmlCacheBehavior [ RunTime:0.000470s ]
INFO: [ app_begin ] --END-- [ RunTime:0.000516s ]
INFO: [ view_parse ] --START--
INFO: [ template_filter ] --START--
INFO: Run Behavior\ContentReplaceBehavior [ RunTime:0.000037s ]
INFO: [ template_filter ] --END-- [ RunTime:0.000087s ]
INFO: Run Behavior\ParseTemplateBehavior [ RunTime:0.010788s ]
INFO: [ view_parse ] --END-- [ RunTime:0.010847s ]
INFO: [ view_filter ] --START--
INFO: Run Behavior\WriteHtmlCacheBehavior [ RunTime:0.000352s ]
INFO: [ view_filter ] --END-- [ RunTime:0.000389s ]
INFO: [ app_end ] --START--
INFO: Run Behavior\ShowPageTraceBehavior [ RunTime:0.000528s ]
INFO: [ app_end ] --END-- [ RunTime:0.000581s ]

[ 2015-08-19T20:22:37+08:00 ] 127.0.0.1 /Home/Registered/ajax
INFO: [ app_init ] --START--
INFO: Run Behavior\BuildLiteBehavior [ RunTime:0.000013s ]
INFO: [ app_init ] --END-- [ RunTime:0.000339s ]
INFO: [ app_begin ] --START--
INFO: Run Behavior\ReadHtmlCacheBehavior [ RunTime:0.000496s ]
INFO: [ app_begin ] --END-- [ RunTime:0.000560s ]
SQL: SHOW COLUMNS FROM `food` [ RunTime:0.0075s ]
SQL: SELECT COUNT(*) AS tp_count FROM `food` LIMIT 1   [ RunTime:0.0002s ]
SQL: SELECT * FROM `food` ORDER BY id LIMIT 0,6   [ RunTime:0.0003s ]
NOTIC: [8] Use of undefined constant id - assumed 'id' E:\xampp\htdocs\yiye\Application\Home\Controller\RegisteredController.class.php 第 22 行.
NOTIC: [8] Use of undefined constant pic - assumed 'pic' E:\xampp\htdocs\yiye\Application\Home\Controller\RegisteredController.class.php 第 23 行.
NOTIC: [8] Use of undefined constant title - assumed 'title' E:\xampp\htdocs\yiye\Application\Home\Controller\RegisteredController.class.php 第 24 行.
NOTIC: [8] Use of undefined constant id - assumed 'id' E:\xampp\htdocs\yiye\Application\Home\Controller\RegisteredController.class.php 第 22 行.
NOTIC: [8] Use of undefined constant pic - assumed 'pic' E:\xampp\htdocs\yiye\Application\Home\Controller\RegisteredController.class.php 第 23 行.
NOTIC: [8] Use of undefined constant title - assumed 'title' E:\xampp\htdocs\yiye\Application\Home\Controller\RegisteredController.class.php 第 24 行.
NOTIC: [8] Use of undefined constant id - assumed 'id' E:\xampp\htdocs\yiye\Application\Home\Controller\RegisteredController.class.php 第 22 行.
NOTIC: [8] Use of undefined constant pic - assumed 'pic' E:\xampp\htdocs\yiye\Application\Home\Controller\RegisteredController.class.php 第 23 行.
NOTIC: [8] Use of undefined constant title - assumed 'title' E:\xampp\htdocs\yiye\Application\Home\Controller\RegisteredController.class.php 第 24 行.
NOTIC: [8] Use of undefined constant id - assumed 'id' E:\xampp\htdocs\yiye\Application\Home\Controller\RegisteredController.class.php 第 22 行.
NOTIC: [8] Use of undefined constant pic - assumed 'pic' E:\xampp\htdocs\yiye\Application\Home\Controller\RegisteredController.class.php 第 23 行.
NOTIC: [8] Use of undefined constant title - assumed 'title' E:\xampp\htdocs\yiye\Application\Home\Controller\RegisteredController.class.php 第 24 行.
NOTIC: [8] Use of undefined constant id - assumed 'id' E:\xampp\htdocs\yiye\Application\Home\Controller\RegisteredController.class.php 第 22 行.
NOTIC: [8] Use of undefined constant pic - assumed 'pic' E:\xampp\htdocs\yiye\Application\Home\Controller\RegisteredController.class.php 第 23 行.
NOTIC: [8] Use of undefined constant title - assumed 'title' E:\xampp\htdocs\yiye\Application\Home\Controller\RegisteredController.class.php 第 24 行.
NOTIC: [8] Use of undefined constant id - assumed 'id' E:\xampp\htdocs\yiye\Application\Home\Controller\RegisteredController.class.php 第 22 行.
NOTIC: [8] Use of undefined constant pic - assumed 'pic' E:\xampp\htdocs\yiye\Application\Home\Controller\RegisteredController.class.php 第 23 行.
NOTIC: [8] Use of undefined constant title - assumed 'title' E:\xampp\htdocs\yiye\Application\Home\Controller\RegisteredController.class.php 第 24 行.
INFO: [ app_end ] --START--
INFO: Run Behavior\ShowPageTraceBehavior [ RunTime:0.000541s ]
INFO: [ app_end ] --END-- [ RunTime:0.000579s ]

